<?xml version="1.0" encoding="UTF-8"?>
<testsuite xmlns:xsi="http://www.w3.org/2001/XMLSchema-instance" xsi:noNamespaceSchemaLocation="https://maven.apache.org/surefire/maven-surefire-plugin/xsd/surefire-test-report.xsd" version="3.0.2" name="com.gv.postservice.PostserviceApplicationTests" time="5.041" tests="1" errors="0" skipped="0" failures="0">
  <properties>
[...]
</properties>
  <testcase name="contextLoads" classname="com.gv.postservice.PostserviceApplicationTests" time="1.044">
    <system-out><![CDATA[12:13:27.790 [main] INFO org.springframework.test.context.support.AnnotationConfigContextLoaderUtils -- Could not detect default configuration classes for test class [com.gv.postservice.PostserviceApplicationTests]: PostserviceApplicationTests does not declare any static, non-private, non-final, nested classes annotated with @Configuration.
12:13:27.928 [main] INFO org.springframework.boot.test.context.SpringBootTestContextBootstrapper -- Found @SpringBootConfiguration com.gv.postservice.PostServiceApplication for test class com.gv.postservice.PostserviceApplicationTests
12:13:28.358 [main] INFO org.springframework.boot.devtools.restart.RestartApplicationListener -- Restart disabled due to context in which it is running

  .   ____          _            __ _ _
 /\\ / ___'_ __ _ _(_)_ __  __ _ \ \ \ \
( ( )\___ | '_ | '_| | '_ \/ _` | \ \ \ \
 \\/  ___)| |_)| | | | | || (_| |  ) ) ) )
  '  |____| .__|_| |_|_| |_\__, | / / / /
 =========|_|==============|___/=/_/_/_/

 :: Spring Boot ::                (v3.4.3)

2025-03-02T12:13:28.701+08:00  INFO 38785 --- [post-service] [           main] c.g.p.PostserviceApplicationTests        : Starting PostserviceApplicationTests using Java 17.0.9 with PID 38785 (started by srinivas in /Users/srinivas/Documents/Java_WS/Microservices-SocialMedia/Post-Service)
2025-03-02T12:13:28.703+08:00  INFO 38785 --- [post-service] [           main] c.g.p.PostserviceApplicationTests        : No active profile set, falling back to 1 default profile: "default"
2025-03-02T12:13:29.796+08:00  INFO 38785 --- [post-service] [           main] o.s.cloud.context.scope.GenericScope     : BeanFactory id=73853237-5976-3eda-bca4-dbc6019f72ec
2025-03-02T12:13:31.005+08:00  INFO 38785 --- [post-service] [           main] DiscoveryClientOptionalArgsConfiguration : Eureka HTTP Client uses RestTemplate.
2025-03-02T12:13:31.053+08:00  WARN 38785 --- [post-service] [           main] iguration$LoadBalancerCaffeineWarnLogger : Spring Cloud LoadBalancer is currently working with the default cache. While this cache implementation is useful for development and tests, it's recommended to use Caffeine cache in production.You can switch to using Caffeine cache, by adding it and org.springframework.cache.caffeine.CaffeineCacheManager to the classpath.
2025-03-02T12:13:31.063+08:00  INFO 38785 --- [post-service] [           main] o.s.b.a.e.web.EndpointLinksResolver      : Exposing 1 endpoint beneath base path '/actuator'
2025-03-02T12:13:31.132+08:00  INFO 38785 --- [post-service] [           main] o.s.c.n.eureka.InstanceInfoFactory       : Setting initial instance status as: STARTING
2025-03-02T12:13:31.164+08:00  INFO 38785 --- [post-service] [           main] com.netflix.discovery.DiscoveryClient    : Initializing Eureka in region us-east-1
2025-03-02T12:13:31.170+08:00  INFO 38785 --- [post-service] [           main] c.n.d.s.r.aws.ConfigClusterResolver      : Resolving eureka endpoints via configuration
2025-03-02T12:13:31.181+08:00  INFO 38785 --- [post-service] [           main] com.netflix.discovery.DiscoveryClient    : Disable delta property : false
2025-03-02T12:13:31.181+08:00  INFO 38785 --- [post-service] [           main] com.netflix.discovery.DiscoveryClient    : Single vip registry refresh property : null
2025-03-02T12:13:31.181+08:00  INFO 38785 --- [post-service] [           main] com.netflix.discovery.DiscoveryClient    : Force full registry fetch : false
2025-03-02T12:13:31.182+08:00  INFO 38785 --- [post-service] [           main] com.netflix.discovery.DiscoveryClient    : Application is null : false
2025-03-02T12:13:31.182+08:00  INFO 38785 --- [post-service] [           main] com.netflix.discovery.DiscoveryClient    : Registered Applications size is zero : true
2025-03-02T12:13:31.182+08:00  INFO 38785 --- [post-service] [           main] com.netflix.discovery.DiscoveryClient    : Application version is -1: true
2025-03-02T12:13:31.182+08:00  INFO 38785 --- [post-service] [           main] com.netflix.discovery.DiscoveryClient    : Getting all instance registry info from the eureka server
2025-03-02T12:13:31.462+08:00  INFO 38785 --- [post-service] [           main] com.netflix.discovery.DiscoveryClient    : The response status is 200
2025-03-02T12:13:31.465+08:00  INFO 38785 --- [post-service] [           main] com.netflix.discovery.DiscoveryClient    : Starting heartbeat executor: renew interval is: 30
2025-03-02T12:13:31.467+08:00  INFO 38785 --- [post-service] [           main] c.n.discovery.InstanceInfoReplicator     : InstanceInfoReplicator onDemand update allowed rate per min is 4
2025-03-02T12:13:31.469+08:00  INFO 38785 --- [post-service] [           main] com.netflix.discovery.DiscoveryClient    : Discovery Client initialized at timestamp 1740888811468 with initial instances count: 4
2025-03-02T12:13:31.474+08:00  INFO 38785 --- [post-service] [           main] o.s.c.n.e.s.EurekaServiceRegistry        : Registering application POST-SERVICE with eureka with status UP
2025-03-02T12:13:31.475+08:00  INFO 38785 --- [post-service] [           main] com.netflix.discovery.DiscoveryClient    : Saw local status change event StatusChangeEvent [timestamp=1740888811475, current=UP, previous=STARTING]
2025-03-02T12:13:31.477+08:00  INFO 38785 --- [post-service] [foReplicator-%d] com.netflix.discovery.DiscoveryClient    : DiscoveryClient_POST-SERVICE/192.168.1.6:post-service:8082: registering service...
2025-03-02T12:13:31.505+08:00  INFO 38785 --- [post-service] [           main] c.g.p.PostserviceApplicationTests        : Started PostserviceApplicationTests in 3.163 seconds (process running for 4.666)
2025-03-02T12:13:31.523+08:00  INFO 38785 --- [post-service] [foReplicator-%d] com.netflix.discovery.DiscoveryClient    : DiscoveryClient_POST-SERVICE/192.168.1.6:post-service:8082 - registration status: 204
]]></system-out>
  </testcase>
</testsuite>